<?xml version="1.0" encoding="UTF-8"?>
<testng-results ignored="0" total="1" passed="1" failed="0" skipped="0">
  <reporter-output>
  </reporter-output>
  <suite started-at="2022-03-30T05:49:07Z" name="Default suite" finished-at="2022-03-30T05:49:16Z" duration-ms="8547">
    <groups>
    </groups>
    <test started-at="2022-03-30T05:49:07Z" name="Default test" finished-at="2022-03-30T05:49:16Z" duration-ms="8547">
      <class name="TestNGListener.MYNewTest">
        <test-method signature="VerygoogleText()[pri:0, instance:TestNGListener.MYNewTest@7d286fb6]" started-at="2022-03-30T11:19:07Z" name="VerygoogleText" finished-at="2022-03-30T11:19:16Z" duration-ms="8523" status="PASS">
          <reporter-output>
          </reporter-output>
        </test-method> <!-- VerygoogleText -->
      </class> <!-- TestNGListener.MYNewTest -->
    </test> <!-- Default test -->
  </suite> <!-- Default suite -->
</testng-results>
